Determining if the pthread_create exist failed with the following output:
Change Dir: /home/nao/catkin_ws/src/robocup_packages/game_controller_bridge/src/naoqi/gcbridge/build-ros-naoqi/CMakeFiles/CMakeTmp

Run Build Command:/usr/bin/make "cmTryCompileExec1597388281/fast"
/usr/bin/make -f CMakeFiles/cmTryCompileExec1597388281.dir/build.make CMakeFiles/cmTryCompileExec1597388281.dir/build
make[1]: ディレクトリ `/home/nao/catkin_ws/src/robocup_packages/game_controller_bridge/src/naoqi/gcbridge/build-ros-naoqi/CMakeFiles/CMakeTmp' に入ります
/usr/bin/cmake -E cmake_progress_report /home/nao/catkin_ws/src/robocup_packages/game_controller_bridge/src/naoqi/gcbridge/build-ros-naoqi/CMakeFiles/CMakeTmp/CMakeFiles 1
Building C object CMakeFiles/cmTryCompileExec1597388281.dir/CheckSymbolExists.c.o
/home/nao/naoqi/ctc-linux32-atom-2.4.3.28/cross/bin/i686-aldebaran-linux-gnu-gcc   -DI_AM_A_ROBOT --sysroot /home/nao/naoqi/ctc-linux32-atom-2.4.3.28/cross/i686-aldebaran-linux-gnu/sysroot/ -pipe -fomit-frame-pointer -fno-align-jumps -fno-align-functions -fno-align-labels -fno-align-loops -m32 -mtune=generic   -DI_AM_A_ROBOT --sysroot /home/nao/naoqi/ctc-linux32-atom-2.4.3.28/cross/i686-aldebaran-linux-gnu/sysroot/ -pipe -fomit-frame-pointer -fno-align-jumps -fno-align-functions -fno-align-labels -fno-align-loops -m32 -mtune=generic    -o CMakeFiles/cmTryCompileExec1597388281.dir/CheckSymbolExists.c.o   -c /home/nao/catkin_ws/src/robocup_packages/game_controller_bridge/src/naoqi/gcbridge/build-ros-naoqi/CMakeFiles/CMakeTmp/CheckSymbolExists.c
Linking C executable cmTryCompileExec1597388281
/usr/bin/cmake -E cmake_link_script CMakeFiles/cmTryCompileExec1597388281.dir/link.txt --verbose=1
/home/nao/naoqi/ctc-linux32-atom-2.4.3.28/cross/bin/i686-aldebaran-linux-gnu-gcc     -DI_AM_A_ROBOT --sysroot /home/nao/naoqi/ctc-linux32-atom-2.4.3.28/cross/i686-aldebaran-linux-gnu/sysroot/ -pipe -fomit-frame-pointer -fno-align-jumps -fno-align-functions -fno-align-labels -fno-align-loops -m32 -mtune=generic   -DI_AM_A_ROBOT --sysroot /home/nao/naoqi/ctc-linux32-atom-2.4.3.28/cross/i686-aldebaran-linux-gnu/sysroot/ -pipe -fomit-frame-pointer -fno-align-jumps -fno-align-functions -fno-align-labels -fno-align-loops -m32 -mtune=generic   -Wl,--as-needed,--sysroot,/home/nao/naoqi/ctc-linux32-atom-2.4.3.28/cross/i686-aldebaran-linux-gnu/sysroot/ CMakeFiles/cmTryCompileExec1597388281.dir/CheckSymbolExists.c.o  -o cmTryCompileExec1597388281 -rdynamic 
CMakeFiles/cmTryCompileExec1597388281.dir/CheckSymbolExists.c.o: In function `main':
CheckSymbolExists.c:(.text+0x1): undefined reference to `pthread_create'
collect2: ld returned 1 exit status
make[1]: *** [cmTryCompileExec1597388281] エラー 1
make[1]: ディレクトリ `/home/nao/catkin_ws/src/robocup_packages/game_controller_bridge/src/naoqi/gcbridge/build-ros-naoqi/CMakeFiles/CMakeTmp' から出ます
make: *** [cmTryCompileExec1597388281/fast] エラー 2

File /home/nao/catkin_ws/src/robocup_packages/game_controller_bridge/src/naoqi/gcbridge/build-ros-naoqi/CMakeFiles/CMakeTmp/CheckSymbolExists.c:
/* */
#include <pthread.h>

int main(int argc, char** argv)
{
  (void)argv;
#ifndef pthread_create
  return ((int*)(&pthread_create))[argc];
#else
  (void)argc;
  return 0;
#endif
}

Determining if the function pthread_create exists in the pthreads failed with the following output:
Change Dir: /home/nao/catkin_ws/src/robocup_packages/game_controller_bridge/src/naoqi/gcbridge/build-ros-naoqi/CMakeFiles/CMakeTmp

Run Build Command:/usr/bin/make "cmTryCompileExec3130641261/fast"
/usr/bin/make -f CMakeFiles/cmTryCompileExec3130641261.dir/build.make CMakeFiles/cmTryCompileExec3130641261.dir/build
make[1]: ディレクトリ `/home/nao/catkin_ws/src/robocup_packages/game_controller_bridge/src/naoqi/gcbridge/build-ros-naoqi/CMakeFiles/CMakeTmp' に入ります
/usr/bin/cmake -E cmake_progress_report /home/nao/catkin_ws/src/robocup_packages/game_controller_bridge/src/naoqi/gcbridge/build-ros-naoqi/CMakeFiles/CMakeTmp/CMakeFiles 1
Building C object CMakeFiles/cmTryCompileExec3130641261.dir/CheckFunctionExists.c.o
/home/nao/naoqi/ctc-linux32-atom-2.4.3.28/cross/bin/i686-aldebaran-linux-gnu-gcc   -DI_AM_A_ROBOT --sysroot /home/nao/naoqi/ctc-linux32-atom-2.4.3.28/cross/i686-aldebaran-linux-gnu/sysroot/ -pipe -fomit-frame-pointer -fno-align-jumps -fno-align-functions -fno-align-labels -fno-align-loops -m32 -mtune=generic   -DI_AM_A_ROBOT --sysroot /home/nao/naoqi/ctc-linux32-atom-2.4.3.28/cross/i686-aldebaran-linux-gnu/sysroot/ -pipe -fomit-frame-pointer -fno-align-jumps -fno-align-functions -fno-align-labels -fno-align-loops -m32 -mtune=generic -DCHECK_FUNCTION_EXISTS=pthread_create   -o CMakeFiles/cmTryCompileExec3130641261.dir/CheckFunctionExists.c.o   -c /usr/share/cmake-2.8/Modules/CheckFunctionExists.c
Linking C executable cmTryCompileExec3130641261
/usr/bin/cmake -E cmake_link_script CMakeFiles/cmTryCompileExec3130641261.dir/link.txt --verbose=1
/home/nao/naoqi/ctc-linux32-atom-2.4.3.28/cross/bin/i686-aldebaran-linux-gnu-gcc     -DI_AM_A_ROBOT --sysroot /home/nao/naoqi/ctc-linux32-atom-2.4.3.28/cross/i686-aldebaran-linux-gnu/sysroot/ -pipe -fomit-frame-pointer -fno-align-jumps -fno-align-functions -fno-align-labels -fno-align-loops -m32 -mtune=generic   -DI_AM_A_ROBOT --sysroot /home/nao/naoqi/ctc-linux32-atom-2.4.3.28/cross/i686-aldebaran-linux-gnu/sysroot/ -pipe -fomit-frame-pointer -fno-align-jumps -fno-align-functions -fno-align-labels -fno-align-loops -m32 -mtune=generic -DCHECK_FUNCTION_EXISTS=pthread_create  -Wl,--as-needed,--sysroot,/home/nao/naoqi/ctc-linux32-atom-2.4.3.28/cross/i686-aldebaran-linux-gnu/sysroot/ CMakeFiles/cmTryCompileExec3130641261.dir/CheckFunctionExists.c.o  -o cmTryCompileExec3130641261 -rdynamic -lpthreads 
/home/nao/naoqi/ctc-linux32-atom-2.4.3.28/cross/bin/../lib/gcc/i686-aldebaran-linux-gnu/4.5.3/../../../../i686-aldebaran-linux-gnu/bin/ld: cannot find -lpthreads
collect2: ld returned 1 exit status
make[1]: *** [cmTryCompileExec3130641261] エラー 1
make[1]: ディレクトリ `/home/nao/catkin_ws/src/robocup_packages/game_controller_bridge/src/naoqi/gcbridge/build-ros-naoqi/CMakeFiles/CMakeTmp' から出ます
make: *** [cmTryCompileExec3130641261/fast] エラー 2


Determining if the pthread_create exist failed with the following output:
Change Dir: /home/nao/catkin_ws/src/robocup_packages/game_controller_bridge/src/naoqi/gcbridge/build-ros-naoqi/CMakeFiles/CMakeTmp

Run Build Command:/usr/bin/make "cmTryCompileExec279930048/fast"
/usr/bin/make -f CMakeFiles/cmTryCompileExec279930048.dir/build.make CMakeFiles/cmTryCompileExec279930048.dir/build
make[1]: ディレクトリ `/home/nao/catkin_ws/src/robocup_packages/game_controller_bridge/src/naoqi/gcbridge/build-ros-naoqi/CMakeFiles/CMakeTmp' に入ります
/usr/bin/cmake -E cmake_progress_report /home/nao/catkin_ws/src/robocup_packages/game_controller_bridge/src/naoqi/gcbridge/build-ros-naoqi/CMakeFiles/CMakeTmp/CMakeFiles 1
Building C object CMakeFiles/cmTryCompileExec279930048.dir/CheckSymbolExists.c.o
/home/nao/naoqi/ctc-linux32-atom-2.4.3.28/cross/bin/i686-aldebaran-linux-gnu-gcc   -DI_AM_A_ROBOT --sysroot /home/nao/naoqi/ctc-linux32-atom-2.4.3.28/cross/i686-aldebaran-linux-gnu/sysroot/ -pipe -fomit-frame-pointer -fno-align-jumps -fno-align-functions -fno-align-labels -fno-align-loops -m32 -mtune=generic    -o CMakeFiles/cmTryCompileExec279930048.dir/CheckSymbolExists.c.o   -c /home/nao/catkin_ws/src/robocup_packages/game_controller_bridge/src/naoqi/gcbridge/build-ros-naoqi/CMakeFiles/CMakeTmp/CheckSymbolExists.c
Linking C executable cmTryCompileExec279930048
/usr/bin/cmake -E cmake_link_script CMakeFiles/cmTryCompileExec279930048.dir/link.txt --verbose=1
/home/nao/naoqi/ctc-linux32-atom-2.4.3.28/cross/bin/i686-aldebaran-linux-gnu-gcc     -DI_AM_A_ROBOT --sysroot /home/nao/naoqi/ctc-linux32-atom-2.4.3.28/cross/i686-aldebaran-linux-gnu/sysroot/ -pipe -fomit-frame-pointer -fno-align-jumps -fno-align-functions -fno-align-labels -fno-align-loops -m32 -mtune=generic   -Wl,--as-needed,--sysroot,/home/nao/naoqi/ctc-linux32-atom-2.4.3.28/cross/i686-aldebaran-linux-gnu/sysroot/ CMakeFiles/cmTryCompileExec279930048.dir/CheckSymbolExists.c.o  -o cmTryCompileExec279930048 -rdynamic 
CMakeFiles/cmTryCompileExec279930048.dir/CheckSymbolExists.c.o: In function `main':
CheckSymbolExists.c:(.text+0x1): undefined reference to `pthread_create'
collect2: ld returned 1 exit status
make[1]: *** [cmTryCompileExec279930048] エラー 1
make[1]: ディレクトリ `/home/nao/catkin_ws/src/robocup_packages/game_controller_bridge/src/naoqi/gcbridge/build-ros-naoqi/CMakeFiles/CMakeTmp' から出ます
make: *** [cmTryCompileExec279930048/fast] エラー 2

File /home/nao/catkin_ws/src/robocup_packages/game_controller_bridge/src/naoqi/gcbridge/build-ros-naoqi/CMakeFiles/CMakeTmp/CheckSymbolExists.c:
/* */
#include <pthread.h>

int main(int argc, char** argv)
{
  (void)argv;
#ifndef pthread_create
  return ((int*)(&pthread_create))[argc];
#else
  (void)argc;
  return 0;
#endif
}

Determining if the function pthread_create exists in the pthreads failed with the following output:
Change Dir: /home/nao/catkin_ws/src/robocup_packages/game_controller_bridge/src/naoqi/gcbridge/build-ros-naoqi/CMakeFiles/CMakeTmp

Run Build Command:/usr/bin/make "cmTryCompileExec548737916/fast"
/usr/bin/make -f CMakeFiles/cmTryCompileExec548737916.dir/build.make CMakeFiles/cmTryCompileExec548737916.dir/build
make[1]: ディレクトリ `/home/nao/catkin_ws/src/robocup_packages/game_controller_bridge/src/naoqi/gcbridge/build-ros-naoqi/CMakeFiles/CMakeTmp' に入ります
/usr/bin/cmake -E cmake_progress_report /home/nao/catkin_ws/src/robocup_packages/game_controller_bridge/src/naoqi/gcbridge/build-ros-naoqi/CMakeFiles/CMakeTmp/CMakeFiles 1
Building C object CMakeFiles/cmTryCompileExec548737916.dir/CheckFunctionExists.c.o
/home/nao/naoqi/ctc-linux32-atom-2.4.3.28/cross/bin/i686-aldebaran-linux-gnu-gcc   -DI_AM_A_ROBOT --sysroot /home/nao/naoqi/ctc-linux32-atom-2.4.3.28/cross/i686-aldebaran-linux-gnu/sysroot/ -pipe -fomit-frame-pointer -fno-align-jumps -fno-align-functions -fno-align-labels -fno-align-loops -m32 -mtune=generic -DCHECK_FUNCTION_EXISTS=pthread_create   -o CMakeFiles/cmTryCompileExec548737916.dir/CheckFunctionExists.c.o   -c /usr/share/cmake-2.8/Modules/CheckFunctionExists.c
Linking C executable cmTryCompileExec548737916
/usr/bin/cmake -E cmake_link_script CMakeFiles/cmTryCompileExec548737916.dir/link.txt --verbose=1
/home/nao/naoqi/ctc-linux32-atom-2.4.3.28/cross/bin/i686-aldebaran-linux-gnu-gcc     -DI_AM_A_ROBOT --sysroot /home/nao/naoqi/ctc-linux32-atom-2.4.3.28/cross/i686-aldebaran-linux-gnu/sysroot/ -pipe -fomit-frame-pointer -fno-align-jumps -fno-align-functions -fno-align-labels -fno-align-loops -m32 -mtune=generic -DCHECK_FUNCTION_EXISTS=pthread_create  -Wl,--as-needed,--sysroot,/home/nao/naoqi/ctc-linux32-atom-2.4.3.28/cross/i686-aldebaran-linux-gnu/sysroot/ CMakeFiles/cmTryCompileExec548737916.dir/CheckFunctionExists.c.o  -o cmTryCompileExec548737916 -rdynamic -lpthreads 
/home/nao/naoqi/ctc-linux32-atom-2.4.3.28/cross/bin/../lib/gcc/i686-aldebaran-linux-gnu/4.5.3/../../../../i686-aldebaran-linux-gnu/bin/ld: cannot find -lpthreads
collect2: ld returned 1 exit status
make[1]: *** [cmTryCompileExec548737916] エラー 1
make[1]: ディレクトリ `/home/nao/catkin_ws/src/robocup_packages/game_controller_bridge/src/naoqi/gcbridge/build-ros-naoqi/CMakeFiles/CMakeTmp' から出ます
make: *** [cmTryCompileExec548737916/fast] エラー 2


Determining if the pthread_create exist failed with the following output:
Change Dir: /home/nao/catkin_ws/src/robocup_packages/game_controller_bridge/src/naoqi/gcbridge/build-ros-naoqi/CMakeFiles/CMakeTmp

Run Build Command:/usr/bin/make "cmTryCompileExec2809718757/fast"
/usr/bin/make -f CMakeFiles/cmTryCompileExec2809718757.dir/build.make CMakeFiles/cmTryCompileExec2809718757.dir/build
make[1]: ディレクトリ `/home/nao/catkin_ws/src/robocup_packages/game_controller_bridge/src/naoqi/gcbridge/build-ros-naoqi/CMakeFiles/CMakeTmp' に入ります
/usr/bin/cmake -E cmake_progress_report /home/nao/catkin_ws/src/robocup_packages/game_controller_bridge/src/naoqi/gcbridge/build-ros-naoqi/CMakeFiles/CMakeTmp/CMakeFiles 1
Building C object CMakeFiles/cmTryCompileExec2809718757.dir/CheckSymbolExists.c.o
/home/nao/naoqi/ctc-linux32-atom-2.4.3.28/cross/bin/i686-aldebaran-linux-gnu-gcc   -DI_AM_A_ROBOT --sysroot /home/nao/naoqi/ctc-linux32-atom-2.4.3.28/cross/i686-aldebaran-linux-gnu/sysroot/ -pipe -fomit-frame-pointer -fno-align-jumps -fno-align-functions -fno-align-labels -fno-align-loops -m32 -mtune=generic    -o CMakeFiles/cmTryCompileExec2809718757.dir/CheckSymbolExists.c.o   -c /home/nao/catkin_ws/src/robocup_packages/game_controller_bridge/src/naoqi/gcbridge/build-ros-naoqi/CMakeFiles/CMakeTmp/CheckSymbolExists.c
Linking C executable cmTryCompileExec2809718757
/usr/bin/cmake -E cmake_link_script CMakeFiles/cmTryCompileExec2809718757.dir/link.txt --verbose=1
/home/nao/naoqi/ctc-linux32-atom-2.4.3.28/cross/bin/i686-aldebaran-linux-gnu-gcc     -DI_AM_A_ROBOT --sysroot /home/nao/naoqi/ctc-linux32-atom-2.4.3.28/cross/i686-aldebaran-linux-gnu/sysroot/ -pipe -fomit-frame-pointer -fno-align-jumps -fno-align-functions -fno-align-labels -fno-align-loops -m32 -mtune=generic   -Wl,--as-needed,--sysroot,/home/nao/naoqi/ctc-linux32-atom-2.4.3.28/cross/i686-aldebaran-linux-gnu/sysroot/ CMakeFiles/cmTryCompileExec2809718757.dir/CheckSymbolExists.c.o  -o cmTryCompileExec2809718757 -rdynamic 
CMakeFiles/cmTryCompileExec2809718757.dir/CheckSymbolExists.c.o: In function `main':
CheckSymbolExists.c:(.text+0x1): undefined reference to `pthread_create'
collect2: ld returned 1 exit status
make[1]: *** [cmTryCompileExec2809718757] エラー 1
make[1]: ディレクトリ `/home/nao/catkin_ws/src/robocup_packages/game_controller_bridge/src/naoqi/gcbridge/build-ros-naoqi/CMakeFiles/CMakeTmp' から出ます
make: *** [cmTryCompileExec2809718757/fast] エラー 2

File /home/nao/catkin_ws/src/robocup_packages/game_controller_bridge/src/naoqi/gcbridge/build-ros-naoqi/CMakeFiles/CMakeTmp/CheckSymbolExists.c:
/* */
#include <pthread.h>

int main(int argc, char** argv)
{
  (void)argv;
#ifndef pthread_create
  return ((int*)(&pthread_create))[argc];
#else
  (void)argc;
  return 0;
#endif
}

Determining if the function pthread_create exists in the pthreads failed with the following output:
Change Dir: /home/nao/catkin_ws/src/robocup_packages/game_controller_bridge/src/naoqi/gcbridge/build-ros-naoqi/CMakeFiles/CMakeTmp

Run Build Command:/usr/bin/make "cmTryCompileExec3059683912/fast"
/usr/bin/make -f CMakeFiles/cmTryCompileExec3059683912.dir/build.make CMakeFiles/cmTryCompileExec3059683912.dir/build
make[1]: ディレクトリ `/home/nao/catkin_ws/src/robocup_packages/game_controller_bridge/src/naoqi/gcbridge/build-ros-naoqi/CMakeFiles/CMakeTmp' に入ります
/usr/bin/cmake -E cmake_progress_report /home/nao/catkin_ws/src/robocup_packages/game_controller_bridge/src/naoqi/gcbridge/build-ros-naoqi/CMakeFiles/CMakeTmp/CMakeFiles 1
Building C object CMakeFiles/cmTryCompileExec3059683912.dir/CheckFunctionExists.c.o
/home/nao/naoqi/ctc-linux32-atom-2.4.3.28/cross/bin/i686-aldebaran-linux-gnu-gcc   -DI_AM_A_ROBOT --sysroot /home/nao/naoqi/ctc-linux32-atom-2.4.3.28/cross/i686-aldebaran-linux-gnu/sysroot/ -pipe -fomit-frame-pointer -fno-align-jumps -fno-align-functions -fno-align-labels -fno-align-loops -m32 -mtune=generic -DCHECK_FUNCTION_EXISTS=pthread_create   -o CMakeFiles/cmTryCompileExec3059683912.dir/CheckFunctionExists.c.o   -c /usr/share/cmake-2.8/Modules/CheckFunctionExists.c
Linking C executable cmTryCompileExec3059683912
/usr/bin/cmake -E cmake_link_script CMakeFiles/cmTryCompileExec3059683912.dir/link.txt --verbose=1
/home/nao/naoqi/ctc-linux32-atom-2.4.3.28/cross/bin/i686-aldebaran-linux-gnu-gcc     -DI_AM_A_ROBOT --sysroot /home/nao/naoqi/ctc-linux32-atom-2.4.3.28/cross/i686-aldebaran-linux-gnu/sysroot/ -pipe -fomit-frame-pointer -fno-align-jumps -fno-align-functions -fno-align-labels -fno-align-loops -m32 -mtune=generic -DCHECK_FUNCTION_EXISTS=pthread_create  -Wl,--as-needed,--sysroot,/home/nao/naoqi/ctc-linux32-atom-2.4.3.28/cross/i686-aldebaran-linux-gnu/sysroot/ CMakeFiles/cmTryCompileExec3059683912.dir/CheckFunctionExists.c.o  -o cmTryCompileExec3059683912 -rdynamic -lpthreads 
/home/nao/naoqi/ctc-linux32-atom-2.4.3.28/cross/bin/../lib/gcc/i686-aldebaran-linux-gnu/4.5.3/../../../../i686-aldebaran-linux-gnu/bin/ld: cannot find -lpthreads
collect2: ld returned 1 exit status
make[1]: *** [cmTryCompileExec3059683912] エラー 1
make[1]: ディレクトリ `/home/nao/catkin_ws/src/robocup_packages/game_controller_bridge/src/naoqi/gcbridge/build-ros-naoqi/CMakeFiles/CMakeTmp' から出ます
make: *** [cmTryCompileExec3059683912/fast] エラー 2


Determining if the pthread_create exist failed with the following output:
Change Dir: /home/nao/catkin_ws/src/robocup_packages/game_controller_bridge/src/naoqi/gcbridge/build-ros-naoqi/CMakeFiles/CMakeTmp

Run Build Command:/usr/bin/make "cmTryCompileExec206138802/fast"
/usr/bin/make -f CMakeFiles/cmTryCompileExec206138802.dir/build.make CMakeFiles/cmTryCompileExec206138802.dir/build
make[1]: ディレクトリ `/home/nao/catkin_ws/src/robocup_packages/game_controller_bridge/src/naoqi/gcbridge/build-ros-naoqi/CMakeFiles/CMakeTmp' に入ります
/usr/bin/cmake -E cmake_progress_report /home/nao/catkin_ws/src/robocup_packages/game_controller_bridge/src/naoqi/gcbridge/build-ros-naoqi/CMakeFiles/CMakeTmp/CMakeFiles 1
Building C object CMakeFiles/cmTryCompileExec206138802.dir/CheckSymbolExists.c.o
/home/nao/naoqi/ctc-linux32-atom-2.4.3.28/cross/bin/i686-aldebaran-linux-gnu-gcc   -DI_AM_A_ROBOT --sysroot /home/nao/naoqi/ctc-linux32-atom-2.4.3.28/cross/i686-aldebaran-linux-gnu/sysroot/ -pipe -fomit-frame-pointer -fno-align-jumps -fno-align-functions -fno-align-labels -fno-align-loops -m32 -mtune=generic    -o CMakeFiles/cmTryCompileExec206138802.dir/CheckSymbolExists.c.o   -c /home/nao/catkin_ws/src/robocup_packages/game_controller_bridge/src/naoqi/gcbridge/build-ros-naoqi/CMakeFiles/CMakeTmp/CheckSymbolExists.c
Linking C executable cmTryCompileExec206138802
/usr/bin/cmake -E cmake_link_script CMakeFiles/cmTryCompileExec206138802.dir/link.txt --verbose=1
/home/nao/naoqi/ctc-linux32-atom-2.4.3.28/cross/bin/i686-aldebaran-linux-gnu-gcc     -DI_AM_A_ROBOT --sysroot /home/nao/naoqi/ctc-linux32-atom-2.4.3.28/cross/i686-aldebaran-linux-gnu/sysroot/ -pipe -fomit-frame-pointer -fno-align-jumps -fno-align-functions -fno-align-labels -fno-align-loops -m32 -mtune=generic   -Wl,--as-needed,--sysroot,/home/nao/naoqi/ctc-linux32-atom-2.4.3.28/cross/i686-aldebaran-linux-gnu/sysroot/ CMakeFiles/cmTryCompileExec206138802.dir/CheckSymbolExists.c.o  -o cmTryCompileExec206138802 -rdynamic 
CMakeFiles/cmTryCompileExec206138802.dir/CheckSymbolExists.c.o: In function `main':
CheckSymbolExists.c:(.text+0x1): undefined reference to `pthread_create'
collect2: ld returned 1 exit status
make[1]: *** [cmTryCompileExec206138802] エラー 1
make[1]: ディレクトリ `/home/nao/catkin_ws/src/robocup_packages/game_controller_bridge/src/naoqi/gcbridge/build-ros-naoqi/CMakeFiles/CMakeTmp' から出ます
make: *** [cmTryCompileExec206138802/fast] エラー 2

File /home/nao/catkin_ws/src/robocup_packages/game_controller_bridge/src/naoqi/gcbridge/build-ros-naoqi/CMakeFiles/CMakeTmp/CheckSymbolExists.c:
/* */
#include <pthread.h>

int main(int argc, char** argv)
{
  (void)argv;
#ifndef pthread_create
  return ((int*)(&pthread_create))[argc];
#else
  (void)argc;
  return 0;
#endif
}

Determining if the function pthread_create exists in the pthreads failed with the following output:
Change Dir: /home/nao/catkin_ws/src/robocup_packages/game_controller_bridge/src/naoqi/gcbridge/build-ros-naoqi/CMakeFiles/CMakeTmp

Run Build Command:/usr/bin/make "cmTryCompileExec2422654828/fast"
/usr/bin/make -f CMakeFiles/cmTryCompileExec2422654828.dir/build.make CMakeFiles/cmTryCompileExec2422654828.dir/build
make[1]: ディレクトリ `/home/nao/catkin_ws/src/robocup_packages/game_controller_bridge/src/naoqi/gcbridge/build-ros-naoqi/CMakeFiles/CMakeTmp' に入ります
/usr/bin/cmake -E cmake_progress_report /home/nao/catkin_ws/src/robocup_packages/game_controller_bridge/src/naoqi/gcbridge/build-ros-naoqi/CMakeFiles/CMakeTmp/CMakeFiles 1
Building C object CMakeFiles/cmTryCompileExec2422654828.dir/CheckFunctionExists.c.o
/home/nao/naoqi/ctc-linux32-atom-2.4.3.28/cross/bin/i686-aldebaran-linux-gnu-gcc   -DI_AM_A_ROBOT --sysroot /home/nao/naoqi/ctc-linux32-atom-2.4.3.28/cross/i686-aldebaran-linux-gnu/sysroot/ -pipe -fomit-frame-pointer -fno-align-jumps -fno-align-functions -fno-align-labels -fno-align-loops -m32 -mtune=generic -DCHECK_FUNCTION_EXISTS=pthread_create   -o CMakeFiles/cmTryCompileExec2422654828.dir/CheckFunctionExists.c.o   -c /usr/share/cmake-2.8/Modules/CheckFunctionExists.c
Linking C executable cmTryCompileExec2422654828
/usr/bin/cmake -E cmake_link_script CMakeFiles/cmTryCompileExec2422654828.dir/link.txt --verbose=1
/home/nao/naoqi/ctc-linux32-atom-2.4.3.28/cross/bin/i686-aldebaran-linux-gnu-gcc     -DI_AM_A_ROBOT --sysroot /home/nao/naoqi/ctc-linux32-atom-2.4.3.28/cross/i686-aldebaran-linux-gnu/sysroot/ -pipe -fomit-frame-pointer -fno-align-jumps -fno-align-functions -fno-align-labels -fno-align-loops -m32 -mtune=generic -DCHECK_FUNCTION_EXISTS=pthread_create  -Wl,--as-needed,--sysroot,/home/nao/naoqi/ctc-linux32-atom-2.4.3.28/cross/i686-aldebaran-linux-gnu/sysroot/ CMakeFiles/cmTryCompileExec2422654828.dir/CheckFunctionExists.c.o  -o cmTryCompileExec2422654828 -rdynamic -lpthreads 
/home/nao/naoqi/ctc-linux32-atom-2.4.3.28/cross/bin/../lib/gcc/i686-aldebaran-linux-gnu/4.5.3/../../../../i686-aldebaran-linux-gnu/bin/ld: cannot find -lpthreads
collect2: ld returned 1 exit status
make[1]: *** [cmTryCompileExec2422654828] エラー 1
make[1]: ディレクトリ `/home/nao/catkin_ws/src/robocup_packages/game_controller_bridge/src/naoqi/gcbridge/build-ros-naoqi/CMakeFiles/CMakeTmp' から出ます
make: *** [cmTryCompileExec2422654828/fast] エラー 2


Determining if the pthread_create exist failed with the following output:
Change Dir: /home/nao/catkin_ws/src/robocup_packages/game_controller_bridge/src/naoqi/gcbridge/build-ros-naoqi/CMakeFiles/CMakeTmp

Run Build Command:/usr/bin/make "cmTryCompileExec123251211/fast"
/usr/bin/make -f CMakeFiles/cmTryCompileExec123251211.dir/build.make CMakeFiles/cmTryCompileExec123251211.dir/build
make[1]: ディレクトリ `/home/nao/catkin_ws/src/robocup_packages/game_controller_bridge/src/naoqi/gcbridge/build-ros-naoqi/CMakeFiles/CMakeTmp' に入ります
/usr/bin/cmake -E cmake_progress_report /home/nao/catkin_ws/src/robocup_packages/game_controller_bridge/src/naoqi/gcbridge/build-ros-naoqi/CMakeFiles/CMakeTmp/CMakeFiles 1
Building C object CMakeFiles/cmTryCompileExec123251211.dir/CheckSymbolExists.c.o
/home/nao/naoqi/ctc-linux32-atom-2.4.3.28/cross/bin/i686-aldebaran-linux-gnu-gcc   -DI_AM_A_ROBOT --sysroot /home/nao/naoqi/ctc-linux32-atom-2.4.3.28/cross/i686-aldebaran-linux-gnu/sysroot/ -pipe -fomit-frame-pointer -fno-align-jumps -fno-align-functions -fno-align-labels -fno-align-loops -m32 -mtune=generic    -o CMakeFiles/cmTryCompileExec123251211.dir/CheckSymbolExists.c.o   -c /home/nao/catkin_ws/src/robocup_packages/game_controller_bridge/src/naoqi/gcbridge/build-ros-naoqi/CMakeFiles/CMakeTmp/CheckSymbolExists.c
Linking C executable cmTryCompileExec123251211
/usr/bin/cmake -E cmake_link_script CMakeFiles/cmTryCompileExec123251211.dir/link.txt --verbose=1
/home/nao/naoqi/ctc-linux32-atom-2.4.3.28/cross/bin/i686-aldebaran-linux-gnu-gcc     -DI_AM_A_ROBOT --sysroot /home/nao/naoqi/ctc-linux32-atom-2.4.3.28/cross/i686-aldebaran-linux-gnu/sysroot/ -pipe -fomit-frame-pointer -fno-align-jumps -fno-align-functions -fno-align-labels -fno-align-loops -m32 -mtune=generic   -Wl,--as-needed,--sysroot,/home/nao/naoqi/ctc-linux32-atom-2.4.3.28/cross/i686-aldebaran-linux-gnu/sysroot/ CMakeFiles/cmTryCompileExec123251211.dir/CheckSymbolExists.c.o  -o cmTryCompileExec123251211 -rdynamic 
CMakeFiles/cmTryCompileExec123251211.dir/CheckSymbolExists.c.o: In function `main':
CheckSymbolExists.c:(.text+0x1): undefined reference to `pthread_create'
collect2: ld returned 1 exit status
make[1]: *** [cmTryCompileExec123251211] エラー 1
make[1]: ディレクトリ `/home/nao/catkin_ws/src/robocup_packages/game_controller_bridge/src/naoqi/gcbridge/build-ros-naoqi/CMakeFiles/CMakeTmp' から出ます
make: *** [cmTryCompileExec123251211/fast] エラー 2

File /home/nao/catkin_ws/src/robocup_packages/game_controller_bridge/src/naoqi/gcbridge/build-ros-naoqi/CMakeFiles/CMakeTmp/CheckSymbolExists.c:
/* */
#include <pthread.h>

int main(int argc, char** argv)
{
  (void)argv;
#ifndef pthread_create
  return ((int*)(&pthread_create))[argc];
#else
  (void)argc;
  return 0;
#endif
}

Determining if the function pthread_create exists in the pthreads failed with the following output:
Change Dir: /home/nao/catkin_ws/src/robocup_packages/game_controller_bridge/src/naoqi/gcbridge/build-ros-naoqi/CMakeFiles/CMakeTmp

Run Build Command:/usr/bin/make "cmTryCompileExec3180701276/fast"
/usr/bin/make -f CMakeFiles/cmTryCompileExec3180701276.dir/build.make CMakeFiles/cmTryCompileExec3180701276.dir/build
make[1]: ディレクトリ `/home/nao/catkin_ws/src/robocup_packages/game_controller_bridge/src/naoqi/gcbridge/build-ros-naoqi/CMakeFiles/CMakeTmp' に入ります
/usr/bin/cmake -E cmake_progress_report /home/nao/catkin_ws/src/robocup_packages/game_controller_bridge/src/naoqi/gcbridge/build-ros-naoqi/CMakeFiles/CMakeTmp/CMakeFiles 1
Building C object CMakeFiles/cmTryCompileExec3180701276.dir/CheckFunctionExists.c.o
/home/nao/naoqi/ctc-linux32-atom-2.4.3.28/cross/bin/i686-aldebaran-linux-gnu-gcc   -DI_AM_A_ROBOT --sysroot /home/nao/naoqi/ctc-linux32-atom-2.4.3.28/cross/i686-aldebaran-linux-gnu/sysroot/ -pipe -fomit-frame-pointer -fno-align-jumps -fno-align-functions -fno-align-labels -fno-align-loops -m32 -mtune=generic -DCHECK_FUNCTION_EXISTS=pthread_create   -o CMakeFiles/cmTryCompileExec3180701276.dir/CheckFunctionExists.c.o   -c /usr/share/cmake-2.8/Modules/CheckFunctionExists.c
Linking C executable cmTryCompileExec3180701276
/usr/bin/cmake -E cmake_link_script CMakeFiles/cmTryCompileExec3180701276.dir/link.txt --verbose=1
/home/nao/naoqi/ctc-linux32-atom-2.4.3.28/cross/bin/i686-aldebaran-linux-gnu-gcc     -DI_AM_A_ROBOT --sysroot /home/nao/naoqi/ctc-linux32-atom-2.4.3.28/cross/i686-aldebaran-linux-gnu/sysroot/ -pipe -fomit-frame-pointer -fno-align-jumps -fno-align-functions -fno-align-labels -fno-align-loops -m32 -mtune=generic -DCHECK_FUNCTION_EXISTS=pthread_create  -Wl,--as-needed,--sysroot,/home/nao/naoqi/ctc-linux32-atom-2.4.3.28/cross/i686-aldebaran-linux-gnu/sysroot/ CMakeFiles/cmTryCompileExec3180701276.dir/CheckFunctionExists.c.o  -o cmTryCompileExec3180701276 -rdynamic -lpthreads 
/home/nao/naoqi/ctc-linux32-atom-2.4.3.28/cross/bin/../lib/gcc/i686-aldebaran-linux-gnu/4.5.3/../../../../i686-aldebaran-linux-gnu/bin/ld: cannot find -lpthreads
collect2: ld returned 1 exit status
make[1]: *** [cmTryCompileExec3180701276] エラー 1
make[1]: ディレクトリ `/home/nao/catkin_ws/src/robocup_packages/game_controller_bridge/src/naoqi/gcbridge/build-ros-naoqi/CMakeFiles/CMakeTmp' から出ます
make: *** [cmTryCompileExec3180701276/fast] エラー 2


Determining if the pthread_create exist failed with the following output:
Change Dir: /home/nao/catkin_ws/src/robocup_packages/game_controller_bridge/src/naoqi/gcbridge/build-ros-naoqi/CMakeFiles/CMakeTmp

Run Build Command:/usr/bin/make "cmTryCompileExec1848958612/fast"
/usr/bin/make -f CMakeFiles/cmTryCompileExec1848958612.dir/build.make CMakeFiles/cmTryCompileExec1848958612.dir/build
make[1]: ディレクトリ `/home/nao/catkin_ws/src/robocup_packages/game_controller_bridge/src/naoqi/gcbridge/build-ros-naoqi/CMakeFiles/CMakeTmp' に入ります
/usr/bin/cmake -E cmake_progress_report /home/nao/catkin_ws/src/robocup_packages/game_controller_bridge/src/naoqi/gcbridge/build-ros-naoqi/CMakeFiles/CMakeTmp/CMakeFiles 1
Building C object CMakeFiles/cmTryCompileExec1848958612.dir/CheckSymbolExists.c.o
/home/nao/naoqi/ctc-linux32-atom-2.4.3.28/cross/bin/i686-aldebaran-linux-gnu-gcc   -DI_AM_A_ROBOT --sysroot /home/nao/naoqi/ctc-linux32-atom-2.4.3.28/cross/i686-aldebaran-linux-gnu/sysroot/ -pipe -fomit-frame-pointer -fno-align-jumps -fno-align-functions -fno-align-labels -fno-align-loops -m32 -mtune=generic    -o CMakeFiles/cmTryCompileExec1848958612.dir/CheckSymbolExists.c.o   -c /home/nao/catkin_ws/src/robocup_packages/game_controller_bridge/src/naoqi/gcbridge/build-ros-naoqi/CMakeFiles/CMakeTmp/CheckSymbolExists.c
Linking C executable cmTryCompileExec1848958612
/usr/bin/cmake -E cmake_link_script CMakeFiles/cmTryCompileExec1848958612.dir/link.txt --verbose=1
/home/nao/naoqi/ctc-linux32-atom-2.4.3.28/cross/bin/i686-aldebaran-linux-gnu-gcc     -DI_AM_A_ROBOT --sysroot /home/nao/naoqi/ctc-linux32-atom-2.4.3.28/cross/i686-aldebaran-linux-gnu/sysroot/ -pipe -fomit-frame-pointer -fno-align-jumps -fno-align-functions -fno-align-labels -fno-align-loops -m32 -mtune=generic   -Wl,--as-needed,--sysroot,/home/nao/naoqi/ctc-linux32-atom-2.4.3.28/cross/i686-aldebaran-linux-gnu/sysroot/ CMakeFiles/cmTryCompileExec1848958612.dir/CheckSymbolExists.c.o  -o cmTryCompileExec1848958612 -rdynamic 
CMakeFiles/cmTryCompileExec1848958612.dir/CheckSymbolExists.c.o: In function `main':
CheckSymbolExists.c:(.text+0x1): undefined reference to `pthread_create'
collect2: ld returned 1 exit status
make[1]: *** [cmTryCompileExec1848958612] エラー 1
make[1]: ディレクトリ `/home/nao/catkin_ws/src/robocup_packages/game_controller_bridge/src/naoqi/gcbridge/build-ros-naoqi/CMakeFiles/CMakeTmp' から出ます
make: *** [cmTryCompileExec1848958612/fast] エラー 2

File /home/nao/catkin_ws/src/robocup_packages/game_controller_bridge/src/naoqi/gcbridge/build-ros-naoqi/CMakeFiles/CMakeTmp/CheckSymbolExists.c:
/* */
#include <pthread.h>

int main(int argc, char** argv)
{
  (void)argv;
#ifndef pthread_create
  return ((int*)(&pthread_create))[argc];
#else
  (void)argc;
  return 0;
#endif
}

Determining if the function pthread_create exists in the pthreads failed with the following output:
Change Dir: /home/nao/catkin_ws/src/robocup_packages/game_controller_bridge/src/naoqi/gcbridge/build-ros-naoqi/CMakeFiles/CMakeTmp

Run Build Command:/usr/bin/make "cmTryCompileExec178137857/fast"
/usr/bin/make -f CMakeFiles/cmTryCompileExec178137857.dir/build.make CMakeFiles/cmTryCompileExec178137857.dir/build
make[1]: ディレクトリ `/home/nao/catkin_ws/src/robocup_packages/game_controller_bridge/src/naoqi/gcbridge/build-ros-naoqi/CMakeFiles/CMakeTmp' に入ります
/usr/bin/cmake -E cmake_progress_report /home/nao/catkin_ws/src/robocup_packages/game_controller_bridge/src/naoqi/gcbridge/build-ros-naoqi/CMakeFiles/CMakeTmp/CMakeFiles 1
Building C object CMakeFiles/cmTryCompileExec178137857.dir/CheckFunctionExists.c.o
/home/nao/naoqi/ctc-linux32-atom-2.4.3.28/cross/bin/i686-aldebaran-linux-gnu-gcc   -DI_AM_A_ROBOT --sysroot /home/nao/naoqi/ctc-linux32-atom-2.4.3.28/cross/i686-aldebaran-linux-gnu/sysroot/ -pipe -fomit-frame-pointer -fno-align-jumps -fno-align-functions -fno-align-labels -fno-align-loops -m32 -mtune=generic -DCHECK_FUNCTION_EXISTS=pthread_create   -o CMakeFiles/cmTryCompileExec178137857.dir/CheckFunctionExists.c.o   -c /usr/share/cmake-2.8/Modules/CheckFunctionExists.c
Linking C executable cmTryCompileExec178137857
/usr/bin/cmake -E cmake_link_script CMakeFiles/cmTryCompileExec178137857.dir/link.txt --verbose=1
/home/nao/naoqi/ctc-linux32-atom-2.4.3.28/cross/bin/i686-aldebaran-linux-gnu-gcc     -DI_AM_A_ROBOT --sysroot /home/nao/naoqi/ctc-linux32-atom-2.4.3.28/cross/i686-aldebaran-linux-gnu/sysroot/ -pipe -fomit-frame-pointer -fno-align-jumps -fno-align-functions -fno-align-labels -fno-align-loops -m32 -mtune=generic -DCHECK_FUNCTION_EXISTS=pthread_create  -Wl,--as-needed,--sysroot,/home/nao/naoqi/ctc-linux32-atom-2.4.3.28/cross/i686-aldebaran-linux-gnu/sysroot/ CMakeFiles/cmTryCompileExec178137857.dir/CheckFunctionExists.c.o  -o cmTryCompileExec178137857 -rdynamic -lpthreads 
/home/nao/naoqi/ctc-linux32-atom-2.4.3.28/cross/bin/../lib/gcc/i686-aldebaran-linux-gnu/4.5.3/../../../../i686-aldebaran-linux-gnu/bin/ld: cannot find -lpthreads
collect2: ld returned 1 exit status
make[1]: *** [cmTryCompileExec178137857] エラー 1
make[1]: ディレクトリ `/home/nao/catkin_ws/src/robocup_packages/game_controller_bridge/src/naoqi/gcbridge/build-ros-naoqi/CMakeFiles/CMakeTmp' から出ます
make: *** [cmTryCompileExec178137857/fast] エラー 2


Determining if the pthread_create exist failed with the following output:
Change Dir: /home/nao/catkin_ws/src/robocup_packages/game_controller_bridge/src/naoqi/gcbridge/build-ros-naoqi/CMakeFiles/CMakeTmp

Run Build Command:/usr/bin/make "cmTryCompileExec2847262711/fast"
make[1]: ディレクトリ `/home/nao/catkin_ws/src/robocup_packages/game_controller_bridge/src/naoqi/gcbridge/build-ros-naoqi/CMakeFiles/CMakeTmp' に入ります
/usr/bin/make -f CMakeFiles/cmTryCompileExec2847262711.dir/build.make CMakeFiles/cmTryCompileExec2847262711.dir/build
make[2]: ディレクトリ `/home/nao/catkin_ws/src/robocup_packages/game_controller_bridge/src/naoqi/gcbridge/build-ros-naoqi/CMakeFiles/CMakeTmp' に入ります
/usr/bin/cmake -E cmake_progress_report /home/nao/catkin_ws/src/robocup_packages/game_controller_bridge/src/naoqi/gcbridge/build-ros-naoqi/CMakeFiles/CMakeTmp/CMakeFiles 1
Building C object CMakeFiles/cmTryCompileExec2847262711.dir/CheckSymbolExists.c.o
/home/nao/naoqi/ctc-linux32-atom-2.4.3.28/cross/bin/i686-aldebaran-linux-gnu-gcc   -DI_AM_A_ROBOT --sysroot /home/nao/naoqi/ctc-linux32-atom-2.1.4.13/cross/i686-aldebaran-linux-gnu/sysroot/ -pipe -fomit-frame-pointer -fno-align-jumps -fno-align-functions -fno-align-labels -fno-align-loops -m32 -mtune=generic    -o CMakeFiles/cmTryCompileExec2847262711.dir/CheckSymbolExists.c.o   -c /home/nao/catkin_ws/src/robocup_packages/game_controller_bridge/src/naoqi/gcbridge/build-ros-naoqi/CMakeFiles/CMakeTmp/CheckSymbolExists.c
Linking C executable cmTryCompileExec2847262711
/usr/bin/cmake -E cmake_link_script CMakeFiles/cmTryCompileExec2847262711.dir/link.txt --verbose=1
/home/nao/naoqi/ctc-linux32-atom-2.4.3.28/cross/bin/i686-aldebaran-linux-gnu-gcc     -DI_AM_A_ROBOT --sysroot /home/nao/naoqi/ctc-linux32-atom-2.1.4.13/cross/i686-aldebaran-linux-gnu/sysroot/ -pipe -fomit-frame-pointer -fno-align-jumps -fno-align-functions -fno-align-labels -fno-align-loops -m32 -mtune=generic   -Wl,--as-needed,--sysroot,/home/nao/naoqi/ctc-linux32-atom-2.1.4.13/cross/i686-aldebaran-linux-gnu/sysroot/ CMakeFiles/cmTryCompileExec2847262711.dir/CheckSymbolExists.c.o  -o cmTryCompileExec2847262711 -rdynamic 
CMakeFiles/cmTryCompileExec2847262711.dir/CheckSymbolExists.c.o: In function `main':
CheckSymbolExists.c:(.text+0x1): undefined reference to `pthread_create'
collect2: ld returned 1 exit status
make[2]: *** [cmTryCompileExec2847262711] エラー 1
make[2]: ディレクトリ `/home/nao/catkin_ws/src/robocup_packages/game_controller_bridge/src/naoqi/gcbridge/build-ros-naoqi/CMakeFiles/CMakeTmp' から出ます
make[1]: *** [cmTryCompileExec2847262711/fast] エラー 2
make[1]: ディレクトリ `/home/nao/catkin_ws/src/robocup_packages/game_controller_bridge/src/naoqi/gcbridge/build-ros-naoqi/CMakeFiles/CMakeTmp' から出ます

File /home/nao/catkin_ws/src/robocup_packages/game_controller_bridge/src/naoqi/gcbridge/build-ros-naoqi/CMakeFiles/CMakeTmp/CheckSymbolExists.c:
/* */
#include <pthread.h>

int main(int argc, char** argv)
{
  (void)argv;
#ifndef pthread_create
  return ((int*)(&pthread_create))[argc];
#else
  (void)argc;
  return 0;
#endif
}

Determining if the function pthread_create exists in the pthreads failed with the following output:
Change Dir: /home/nao/catkin_ws/src/robocup_packages/game_controller_bridge/src/naoqi/gcbridge/build-ros-naoqi/CMakeFiles/CMakeTmp

Run Build Command:/usr/bin/make "cmTryCompileExec1375812949/fast"
make[1]: ディレクトリ `/home/nao/catkin_ws/src/robocup_packages/game_controller_bridge/src/naoqi/gcbridge/build-ros-naoqi/CMakeFiles/CMakeTmp' に入ります
/usr/bin/make -f CMakeFiles/cmTryCompileExec1375812949.dir/build.make CMakeFiles/cmTryCompileExec1375812949.dir/build
make[2]: ディレクトリ `/home/nao/catkin_ws/src/robocup_packages/game_controller_bridge/src/naoqi/gcbridge/build-ros-naoqi/CMakeFiles/CMakeTmp' に入ります
/usr/bin/cmake -E cmake_progress_report /home/nao/catkin_ws/src/robocup_packages/game_controller_bridge/src/naoqi/gcbridge/build-ros-naoqi/CMakeFiles/CMakeTmp/CMakeFiles 1
Building C object CMakeFiles/cmTryCompileExec1375812949.dir/CheckFunctionExists.c.o
/home/nao/naoqi/ctc-linux32-atom-2.4.3.28/cross/bin/i686-aldebaran-linux-gnu-gcc   -DI_AM_A_ROBOT --sysroot /home/nao/naoqi/ctc-linux32-atom-2.1.4.13/cross/i686-aldebaran-linux-gnu/sysroot/ -pipe -fomit-frame-pointer -fno-align-jumps -fno-align-functions -fno-align-labels -fno-align-loops -m32 -mtune=generic -DCHECK_FUNCTION_EXISTS=pthread_create   -o CMakeFiles/cmTryCompileExec1375812949.dir/CheckFunctionExists.c.o   -c /usr/share/cmake-2.8/Modules/CheckFunctionExists.c
Linking C executable cmTryCompileExec1375812949
/usr/bin/cmake -E cmake_link_script CMakeFiles/cmTryCompileExec1375812949.dir/link.txt --verbose=1
/home/nao/naoqi/ctc-linux32-atom-2.4.3.28/cross/bin/i686-aldebaran-linux-gnu-gcc     -DI_AM_A_ROBOT --sysroot /home/nao/naoqi/ctc-linux32-atom-2.1.4.13/cross/i686-aldebaran-linux-gnu/sysroot/ -pipe -fomit-frame-pointer -fno-align-jumps -fno-align-functions -fno-align-labels -fno-align-loops -m32 -mtune=generic -DCHECK_FUNCTION_EXISTS=pthread_create  -Wl,--as-needed,--sysroot,/home/nao/naoqi/ctc-linux32-atom-2.1.4.13/cross/i686-aldebaran-linux-gnu/sysroot/ CMakeFiles/cmTryCompileExec1375812949.dir/CheckFunctionExists.c.o  -o cmTryCompileExec1375812949 -rdynamic -lpthreads 
/home/nao/naoqi/ctc-linux32-atom-2.4.3.28/cross/bin/../lib/gcc/i686-aldebaran-linux-gnu/4.5.3/../../../../i686-aldebaran-linux-gnu/bin/ld: cannot find -lpthreads
collect2: ld returned 1 exit status
make[2]: *** [cmTryCompileExec1375812949] エラー 1
make[2]: ディレクトリ `/home/nao/catkin_ws/src/robocup_packages/game_controller_bridge/src/naoqi/gcbridge/build-ros-naoqi/CMakeFiles/CMakeTmp' から出ます
make[1]: *** [cmTryCompileExec1375812949/fast] エラー 2
make[1]: ディレクトリ `/home/nao/catkin_ws/src/robocup_packages/game_controller_bridge/src/naoqi/gcbridge/build-ros-naoqi/CMakeFiles/CMakeTmp' から出ます


